c:\dev\students\ch21\jack.tierney\prog1\c\alienhouseparty2\game\debug\vc143.pdb
c:\dev\students\ch21\jack.tierney\prog1\c\alienhouseparty2\game\debug\vc143.idb
c:\dev\students\ch21\jack.tierney\prog1\c\alienhouseparty2\game\debug\tile.obj
c:\dev\students\ch21\jack.tierney\prog1\c\alienhouseparty2\game\debug\shape.obj
c:\dev\students\ch21\jack.tierney\prog1\c\alienhouseparty2\game\debug\rendertools.obj
c:\dev\students\ch21\jack.tierney\prog1\c\alienhouseparty2\game\debug\random.obj
c:\dev\students\ch21\jack.tierney\prog1\c\alienhouseparty2\game\debug\objmgr.obj
c:\dev\students\ch21\jack.tierney\prog1\c\alienhouseparty2\game\debug\object.obj
c:\dev\students\ch21\jack.tierney\prog1\c\alienhouseparty2\game\debug\levelmgr.obj
c:\dev\students\ch21\jack.tierney\prog1\c\alienhouseparty2\game\debug\game.obj
c:\dev\students\ch21\jack.tierney\prog1\c\alienhouseparty2\game\debug\field.obj
c:\dev\students\ch21\jack.tierney\prog1\c\alienhouseparty2\game\debug\face.obj
c:\dev\students\ch21\jack.tierney\prog1\c\alienhouseparty2\game\debug\ball.obj
c:\dev\students\ch21\jack.tierney\prog1\c\alienhouseparty2\game\debug\guest.obj
c:\dev\students\ch21\jack.tierney\prog1\c\alienhouseparty2\game\debug\grid.obj
c:\dev\students\ch21\jack.tierney\prog1\c\alienhouseparty2\debug\snoods_default.png
c:\dev\students\ch21\jack.tierney\prog1\c\alienhouseparty2\debug\beep.wav
c:\dev\students\ch21\jack.tierney\prog1\c\alienhouseparty2\debug\game.exe
c:\dev\students\ch21\jack.tierney\prog1\c\alienhouseparty2\debug\game.pdb
c:\dev\students\ch21\jack.tierney\prog1\c\alienhouseparty2\game\debug\game.ilk
c:\dev\students\ch21\jack.tierney\prog1\c\alienhouseparty2\game\debug\game.obj.enc
c:\dev\students\ch21\jack.tierney\prog1\c\alienhouseparty2\game\debug\game.tlog\cl.command.1.tlog
c:\dev\students\ch21\jack.tierney\prog1\c\alienhouseparty2\game\debug\game.tlog\cl.items.tlog
c:\dev\students\ch21\jack.tierney\prog1\c\alienhouseparty2\game\debug\game.tlog\cl.read.1.tlog
c:\dev\students\ch21\jack.tierney\prog1\c\alienhouseparty2\game\debug\game.tlog\cl.write.1.tlog
c:\dev\students\ch21\jack.tierney\prog1\c\alienhouseparty2\game\debug\game.tlog\copyfile.command.1.tlog
c:\dev\students\ch21\jack.tierney\prog1\c\alienhouseparty2\game\debug\game.tlog\copyfile.read.1.tlog
c:\dev\students\ch21\jack.tierney\prog1\c\alienhouseparty2\game\debug\game.tlog\copyfile.write.1.tlog
c:\dev\students\ch21\jack.tierney\prog1\c\alienhouseparty2\game\debug\game.tlog\link.command.1.tlog
c:\dev\students\ch21\jack.tierney\prog1\c\alienhouseparty2\game\debug\game.tlog\link.read.1.tlog
c:\dev\students\ch21\jack.tierney\prog1\c\alienhouseparty2\game\debug\game.tlog\link.secondary.1.tlog
c:\dev\students\ch21\jack.tierney\prog1\c\alienhouseparty2\game\debug\game.tlog\link.write.1.tlog
